10:03:43.736 INFO - Launching a standalone Selenium Server
10:03:43.768 INFO - Java: Oracle Corporation 25.77-b03
10:03:43.768 INFO - OS: Mac OS X 10.11.6 x86_64
10:03:43.777 INFO - v2.53.1, with Core v2.53.1. Built from revision a36b8b1
10:03:43.842 INFO - Driver provider org.openqa.selenium.ie.InternetExplorerDriver registration is skipped:
registration capabilities Capabilities [{ensureCleanSession=true, browserName=internet explorer, version=, platform=WINDOWS}] does not match the current platform MAC
10:03:43.843 INFO - Driver provider org.openqa.selenium.edge.EdgeDriver registration is skipped:
registration capabilities Capabilities [{browserName=MicrosoftEdge, version=, platform=WINDOWS}] does not match the current platform MAC
10:03:43.843 INFO - Driver class not found: com.opera.core.systems.OperaDriver
10:03:43.844 INFO - Driver provider com.opera.core.systems.OperaDriver is not registered
10:03:43.847 INFO - Driver class not found: org.openqa.selenium.htmlunit.HtmlUnitDriver
10:03:43.847 INFO - Driver provider org.openqa.selenium.htmlunit.HtmlUnitDriver is not registered
10:03:43.906 INFO - RemoteWebDriver instances should connect to: http://127.0.0.1:4444/wd/hub
10:03:43.906 INFO - Selenium Server is up and running
10:03:44.176 INFO - Executing: [new session: Capabilities [{acceptSslCerts=true, name=Login, browserName=chrome, javascriptEnabled=true, platform=ANY}]])
10:03:44.185 INFO - Creating a new session for Capabilities [{acceptSslCerts=true, name=Login, browserName=chrome, javascriptEnabled=true, platform=ANY}]
Starting ChromeDriver 2.25.426935 (820a95b0b81d33e42712f9198c215f703412e1a1) on port 13203
Only local connections are allowed.
10:03:45.807 INFO - Done: [new session: Capabilities [{acceptSslCerts=true, name=Login, browserName=chrome, javascriptEnabled=true, platform=ANY}]]
10:03:45.827 INFO - Executing: [get: http://localhost:2000/])
10:03:46.558 INFO - Done: [get: http://localhost:2000/]
10:03:46.570 INFO - Executing: [find element: By.cssSelector: .header-link])
10:03:46.658 INFO - Done: [find element: By.cssSelector: .header-link]
10:03:46.665 INFO - Executing: [click: 0 [[ChromeDriver: chrome on MAC (3a491c2f1779eab5cc7abf26ca2ed93f)] -> css selector: .header-link]])
10:03:46.811 INFO - Done: [click: 0 [[ChromeDriver: chrome on MAC (3a491c2f1779eab5cc7abf26ca2ed93f)] -> css selector: .header-link]]
10:03:46.826 INFO - Executing: [find elements: By.cssSelector: input[name="title"]])
10:03:46.863 INFO - Done: [find elements: By.cssSelector: input[name="title"]]
10:03:46.867 INFO - Executing: [is displayed: 1 [[ChromeDriver: chrome on MAC (3a491c2f1779eab5cc7abf26ca2ed93f)] -> css selector: input[name="title"]]])
10:03:46.886 INFO - Done: [is displayed: 1 [[ChromeDriver: chrome on MAC (3a491c2f1779eab5cc7abf26ca2ed93f)] -> css selector: input[name="title"]]]
10:03:46.892 INFO - Executing: [find element: By.cssSelector: input[name="title"]])
10:03:46.908 INFO - Done: [find element: By.cssSelector: input[name="title"]]
10:03:46.913 INFO - Executing: [send keys: 1 [[ChromeDriver: chrome on MAC (3a491c2f1779eab5cc7abf26ca2ed93f)] -> css selector: input[name="title"]], [B, S, E,  , v, s,  , S, t, o, w, m, a, r, k, e, t]])
10:03:47.094 INFO - Done: [send keys: 1 [[ChromeDriver: chrome on MAC (3a491c2f1779eab5cc7abf26ca2ed93f)] -> css selector: input[name="title"]], [B, S, E,  , v, s,  , S, t, o, w, m, a, r, k, e, t]]
10:03:47.100 INFO - Executing: [find element: By.cssSelector: input[name="date"]])
10:03:47.117 INFO - Done: [find element: By.cssSelector: input[name="date"]]
10:03:47.122 INFO - Executing: [send keys: 2 [[ChromeDriver: chrome on MAC (3a491c2f1779eab5cc7abf26ca2ed93f)] -> css selector: input[name="date"]], [1, 1, /, 1, 2, /, 2, 1, 0, 6]])
10:03:47.185 INFO - Done: [send keys: 2 [[ChromeDriver: chrome on MAC (3a491c2f1779eab5cc7abf26ca2ed93f)] -> css selector: input[name="date"]], [1, 1, /, 1, 2, /, 2, 1, 0, 6]]
10:03:47.189 INFO - Executing: [find element: By.cssSelector: input[name="time"]])
10:03:47.203 INFO - Done: [find element: By.cssSelector: input[name="time"]]
10:03:47.207 INFO - Executing: [send keys: 3 [[ChromeDriver: chrome on MAC (3a491c2f1779eab5cc7abf26ca2ed93f)] -> css selector: input[name="time"]], [1, 1, :, 0, 0]])
10:03:47.261 INFO - Done: [send keys: 3 [[ChromeDriver: chrome on MAC (3a491c2f1779eab5cc7abf26ca2ed93f)] -> css selector: input[name="time"]], [1, 1, :, 0, 0]]
10:03:47.268 INFO - Executing: [find element: By.cssSelector: button[type="submit"]])
10:03:47.284 INFO - Done: [find element: By.cssSelector: button[type="submit"]]
10:03:47.287 INFO - Executing: [click: 4 [[ChromeDriver: chrome on MAC (3a491c2f1779eab5cc7abf26ca2ed93f)] -> css selector: button[type="submit"]]])
10:03:47.338 INFO - Done: [click: 4 [[ChromeDriver: chrome on MAC (3a491c2f1779eab5cc7abf26ca2ed93f)] -> css selector: button[type="submit"]]]
10:03:47.343 INFO - Executing: [find elements: By.cssSelector: .section])
10:03:47.361 INFO - Done: [find elements: By.cssSelector: .section]
10:03:47.368 INFO - Executing: [is displayed: 5 [[ChromeDriver: chrome on MAC (3a491c2f1779eab5cc7abf26ca2ed93f)] -> css selector: .section]])
10:03:47.382 INFO - Done: [is displayed: 5 [[ChromeDriver: chrome on MAC (3a491c2f1779eab5cc7abf26ca2ed93f)] -> css selector: .section]]
10:03:47.391 INFO - Executing: [find element: By.cssSelector: body])
10:03:47.408 INFO - Done: [find element: By.cssSelector: body]
10:03:47.411 INFO - Executing: [get text: 7 [[ChromeDriver: chrome on MAC (3a491c2f1779eab5cc7abf26ca2ed93f)] -> css selector: body]])
10:03:47.461 INFO - Done: [get text: 7 [[ChromeDriver: chrome on MAC (3a491c2f1779eab5cc7abf26ca2ed93f)] -> css selector: body]]
10:03:47.466 INFO - Executing: [delete session: e0c54953-67f5-4074-9058-20c8971f8194])
10:03:47.544 INFO - Done: [delete session: e0c54953-67f5-4074-9058-20c8971f8194]
